14:14:59 DEBUG 打开主页,耗时6.694
14:15:02 DEBUG 成功登陆,耗时2.684
14:15:02 DEBUG 到了12-05 14:15:02
14:15:02 DEBUG 到鞋子页面,耗时0.150
14:15:05 DEBUG 现有尺码['230', '240', '245', '250', '255', '260', '265', '270', '275', '280', '285', '290', '295', '300']
14:15:05 DEBUG 选择240码成功，到付款界面
14:15:15 ERROR 'NoneType' object has no attribute 'click'
14:15:24 DEBUG 打开主页,耗时5.595
14:15:26 DEBUG 成功登陆,耗时2.783
14:15:26 DEBUG 到了12-05 14:15:26
14:15:27 DEBUG 到鞋子页面,耗时0.153
14:15:32 DEBUG 现有尺码['230', '240', '245', '250', '255', '260', '265', '270', '275', '280', '285', '290', '295', '300']
14:15:32 DEBUG 选择240码成功，到付款界面
14:15:42 ERROR Message: no such element: Unable to locate element: {"method":"xpath","selector":"//*[@for='Reason_1']"}
  (Session info: chrome=78.0.3904.108)

14:15:52 DEBUG 打开主页,耗时6.539
14:15:55 DEBUG 成功登陆,耗时2.724
14:15:55 DEBUG 到了12-05 14:15:55
14:15:57 DEBUG 到鞋子页面,耗时1.833
14:16:01 DEBUG 现有尺码['225', '230', '234', '235', '240', '245', '250', '255', '260', '265', '270', '275', '280', '285', '290', '295', '300', '305', '310', '320', '330', '340', '350', '360']
14:16:02 DEBUG 选择240码成功，到付款界面
14:17:10 DEBUG 打开主页,耗时5.576
14:17:13 DEBUG 成功登陆,耗时2.816
14:17:13 DEBUG 到了12-05 14:17:13
14:17:15 DEBUG 到鞋子页面,耗时1.401
14:17:17 DEBUG 现有尺码['235', '240', '245', '250', '255', '260', '265', '270', '275', '280', '285', '290', '295', '300']
14:17:17 DEBUG 选择240码成功，到付款界面
14:17:32 DEBUG 尽快在kakao上完成付款，总耗时19.238
14:18:19 ERROR Message: 

14:20:35 DEBUG 打开主页,耗时5.742
14:20:37 DEBUG 成功登陆,耗时2.703
14:20:37 DEBUG 到了12-05 14:20:37
14:20:39 DEBUG 到鞋子页面,耗时1.876
14:20:41 DEBUG 现有尺码['235', '240', '245', '250', '255', '260', '265', '270', '275', '280', '285', '290', '295', '300']
14:20:42 DEBUG 选择240码成功，到付款界面
14:20:57 DEBUG 尽快在kakao上完成付款，总耗时19.592
